mode: set
github.com/bubaew95/yandex-go-learn/cmd/staticlint/main.go:18.13,25.42 2 0
github.com/bubaew95/yandex-go-learn/cmd/staticlint/main.go:25.42,26.47 1 0
github.com/bubaew95/yandex-go-learn/cmd/staticlint/main.go:26.47,28.4 1 0
github.com/bubaew95/yandex-go-learn/cmd/staticlint/main.go:31.2,31.42 1 0
github.com/bubaew95/yandex-go-learn/cmd/staticlint/main.go:31.42,32.51 1 0
github.com/bubaew95/yandex-go-learn/cmd/staticlint/main.go:32.51,34.9 2 0
github.com/bubaew95/yandex-go-learn/cmd/staticlint/main.go:39.2,48.32 3 0
github.com/bubaew95/yandex-go-learn/cmd/grpc/main.go:15.13,16.44 1 0
github.com/bubaew95/yandex-go-learn/cmd/grpc/main.go:16.44,18.3 1 0
github.com/bubaew95/yandex-go-learn/cmd/grpc/main.go:20.2,21.16 2 0
github.com/bubaew95/yandex-go-learn/cmd/grpc/main.go:21.16,23.3 1 0
github.com/bubaew95/yandex-go-learn/cmd/grpc/main.go:25.2,27.16 3 0
github.com/bubaew95/yandex-go-learn/cmd/grpc/main.go:27.16,29.3 1 0
github.com/bubaew95/yandex-go-learn/cmd/grpc/main.go:30.2,40.42 6 0
github.com/bubaew95/yandex-go-learn/cmd/grpc/main.go:40.42,42.3 1 0
github.com/bubaew95/yandex-go-learn/internal/adapters/compress/gzip.go:18.63,23.2 1 0
github.com/bubaew95/yandex-go-learn/internal/adapters/compress/gzip.go:26.47,28.2 1 0
github.com/bubaew95/yandex-go-learn/internal/adapters/compress/gzip.go:31.55,33.2 1 0
github.com/bubaew95/yandex-go-learn/internal/adapters/compress/gzip.go:36.54,39.2 2 0
github.com/bubaew95/yandex-go-learn/internal/adapters/compress/gzip.go:42.40,44.2 1 0
github.com/bubaew95/yandex-go-learn/internal/adapters/compress/gzip.go:53.66,55.16 2 0
github.com/bubaew95/yandex-go-learn/internal/adapters/compress/gzip.go:55.16,57.3 1 0
github.com/bubaew95/yandex-go-learn/internal/adapters/compress/gzip.go:59.2,62.8 1 0
github.com/bubaew95/yandex-go-learn/internal/adapters/compress/gzip.go:66.59,68.2 1 0
github.com/bubaew95/yandex-go-learn/internal/adapters/compress/gzip.go:71.40,72.36 1 0
github.com/bubaew95/yandex-go-learn/internal/adapters/compress/gzip.go:72.36,74.3 1 0
github.com/bubaew95/yandex-go-learn/internal/adapters/compress/gzip.go:75.2,75.21 1 0
github.com/bubaew95/yandex-go-learn/cmd/shortener/main.go:38.13,41.33 2 0
github.com/bubaew95/yandex-go-learn/cmd/shortener/main.go:41.33,43.3 1 0
github.com/bubaew95/yandex-go-learn/cmd/shortener/main.go:46.21,47.44 1 0
github.com/bubaew95/yandex-go-learn/cmd/shortener/main.go:47.44,49.3 1 0
github.com/bubaew95/yandex-go-learn/cmd/shortener/main.go:51.2,53.16 3 0
github.com/bubaew95/yandex-go-learn/cmd/shortener/main.go:53.16,55.3 1 0
github.com/bubaew95/yandex-go-learn/cmd/shortener/main.go:56.2,73.21 10 0
github.com/bubaew95/yandex-go-learn/cmd/shortener/main.go:73.21,75.13 2 0
github.com/bubaew95/yandex-go-learn/cmd/shortener/main.go:75.13,76.76 1 0
github.com/bubaew95/yandex-go-learn/cmd/shortener/main.go:76.76,78.5 1 0
github.com/bubaew95/yandex-go-learn/cmd/shortener/main.go:80.8,82.13 2 0
github.com/bubaew95/yandex-go-learn/cmd/shortener/main.go:82.13,83.91 1 0
github.com/bubaew95/yandex-go-learn/cmd/shortener/main.go:83.91,85.5 1 0
github.com/bubaew95/yandex-go-learn/cmd/shortener/main.go:89.2,97.53 7 0
github.com/bubaew95/yandex-go-learn/cmd/shortener/main.go:97.53,99.3 1 0
github.com/bubaew95/yandex-go-learn/cmd/shortener/main.go:101.2,104.12 3 0
github.com/bubaew95/yandex-go-learn/cmd/shortener/main.go:107.72,117.49 8 0
github.com/bubaew95/yandex-go-learn/cmd/shortener/main.go:117.49,120.3 2 0
github.com/bubaew95/yandex-go-learn/cmd/shortener/main.go:122.2,122.46 1 0
github.com/bubaew95/yandex-go-learn/cmd/shortener/main.go:122.46,125.3 2 0
github.com/bubaew95/yandex-go-learn/cmd/shortener/main.go:127.2,127.56 1 0
github.com/bubaew95/yandex-go-learn/cmd/shortener/main.go:127.56,129.3 1 0
github.com/bubaew95/yandex-go-learn/cmd/shortener/main.go:131.2,133.14 2 0
github.com/bubaew95/yandex-go-learn/config/config.go:38.26,55.63 12 0
github.com/bubaew95/yandex-go-learn/config/config.go:55.63,57.3 1 0
github.com/bubaew95/yandex-go-learn/config/config.go:59.2,59.26 1 0
github.com/bubaew95/yandex-go-learn/config/config.go:59.26,61.17 2 0
github.com/bubaew95/yandex-go-learn/config/config.go:61.17,63.4 1 0
github.com/bubaew95/yandex-go-learn/config/config.go:66.2,68.50 2 0
github.com/bubaew95/yandex-go-learn/config/config.go:68.50,70.3 1 0
github.com/bubaew95/yandex-go-learn/config/config.go:72.2,77.18 5 0
github.com/bubaew95/yandex-go-learn/config/config.go:77.18,79.3 1 0
github.com/bubaew95/yandex-go-learn/config/config.go:81.2,81.71 1 0
github.com/bubaew95/yandex-go-learn/config/config.go:81.71,83.17 2 0
github.com/bubaew95/yandex-go-learn/config/config.go:83.17,85.4 1 0
github.com/bubaew95/yandex-go-learn/config/config.go:88.2,88.16 1 0
github.com/bubaew95/yandex-go-learn/config/config.go:91.57,93.16 2 0
github.com/bubaew95/yandex-go-learn/config/config.go:93.16,95.3 1 0
github.com/bubaew95/yandex-go-learn/config/config.go:97.2,97.35 1 0
github.com/bubaew95/yandex-go-learn/internal/adapters/storage/consumer.go:21.65,23.16 2 0
github.com/bubaew95/yandex-go-learn/internal/adapters/storage/consumer.go:23.16,25.3 1 0
github.com/bubaew95/yandex-go-learn/internal/adapters/storage/consumer.go:27.2,31.6 4 0
github.com/bubaew95/yandex-go-learn/internal/adapters/storage/consumer.go:31.6,33.17 2 0
github.com/bubaew95/yandex-go-learn/internal/adapters/storage/consumer.go:33.17,34.21 1 0
github.com/bubaew95/yandex-go-learn/internal/adapters/storage/consumer.go:34.21,35.10 1 0
github.com/bubaew95/yandex-go-learn/internal/adapters/storage/consumer.go:38.4,38.19 1 0
github.com/bubaew95/yandex-go-learn/internal/adapters/storage/consumer.go:41.3,43.17 3 0
github.com/bubaew95/yandex-go-learn/internal/adapters/storage/consumer.go:43.17,45.4 1 0
github.com/bubaew95/yandex-go-learn/internal/adapters/storage/consumer.go:47.3,47.35 1 0
github.com/bubaew95/yandex-go-learn/internal/adapters/storage/consumer.go:50.2,50.18 1 0
github.com/bubaew95/yandex-go-learn/internal/adapters/storage/producer.go:24.54,26.16 2 0
github.com/bubaew95/yandex-go-learn/internal/adapters/storage/producer.go:26.16,28.3 1 0
github.com/bubaew95/yandex-go-learn/internal/adapters/storage/producer.go:30.2,33.8 1 0
github.com/bubaew95/yandex-go-learn/internal/adapters/storage/producer.go:39.62,41.2 1 0
github.com/bubaew95/yandex-go-learn/internal/adapters/storage/producer.go:46.34,47.38 1 0
github.com/bubaew95/yandex-go-learn/internal/adapters/storage/producer.go:47.38,49.3 1 0
github.com/bubaew95/yandex-go-learn/internal/adapters/storage/producer.go:51.2,51.23 1 0
github.com/bubaew95/yandex-go-learn/internal/adapters/storage/storage.go:26.60,28.16 2 0
github.com/bubaew95/yandex-go-learn/internal/adapters/storage/storage.go:28.16,30.3 1 0
github.com/bubaew95/yandex-go-learn/internal/adapters/storage/storage.go:32.2,35.8 1 0
github.com/bubaew95/yandex-go-learn/internal/adapters/storage/storage.go:41.57,43.16 2 0
github.com/bubaew95/yandex-go-learn/internal/adapters/storage/storage.go:43.16,45.3 1 0
github.com/bubaew95/yandex-go-learn/internal/adapters/storage/storage.go:47.2,47.12 1 0
github.com/bubaew95/yandex-go-learn/internal/adapters/storage/storage.go:54.56,56.16 2 0
github.com/bubaew95/yandex-go-learn/internal/adapters/storage/storage.go:56.16,58.3 1 0
github.com/bubaew95/yandex-go-learn/internal/adapters/storage/storage.go:60.2,64.6 4 0
github.com/bubaew95/yandex-go-learn/internal/adapters/storage/storage.go:64.6,66.17 2 0
github.com/bubaew95/yandex-go-learn/internal/adapters/storage/storage.go:66.17,67.21 1 0
github.com/bubaew95/yandex-go-learn/internal/adapters/storage/storage.go:67.21,68.10 1 0
github.com/bubaew95/yandex-go-learn/internal/adapters/storage/storage.go:71.4,71.19 1 0
github.com/bubaew95/yandex-go-learn/internal/adapters/storage/storage.go:74.3,76.17 3 0
github.com/bubaew95/yandex-go-learn/internal/adapters/storage/storage.go:76.17,78.4 1 0
github.com/bubaew95/yandex-go-learn/internal/adapters/storage/storage.go:80.3,80.35 1 0
github.com/bubaew95/yandex-go-learn/internal/adapters/storage/storage.go:83.2,83.18 1 0
github.com/bubaew95/yandex-go-learn/internal/adapters/storage/storage.go:89.36,91.2 1 0
github.com/bubaew95/yandex-go-learn/internal/analyzers/noosexit/noosexit.go:14.39,20.2 1 0
github.com/bubaew95/yandex-go-learn/internal/analyzers/noosexit/noosexit.go:22.52,23.34 1 0
github.com/bubaew95/yandex-go-learn/internal/analyzers/noosexit/noosexit.go:23.34,24.32 1 0
github.com/bubaew95/yandex-go-learn/internal/analyzers/noosexit/noosexit.go:24.32,25.12 1 0
github.com/bubaew95/yandex-go-learn/internal/analyzers/noosexit/noosexit.go:28.3,29.45 2 0
github.com/bubaew95/yandex-go-learn/internal/analyzers/noosexit/noosexit.go:29.45,30.12 1 0
github.com/bubaew95/yandex-go-learn/internal/analyzers/noosexit/noosexit.go:33.3,33.46 1 0
github.com/bubaew95/yandex-go-learn/internal/analyzers/noosexit/noosexit.go:33.46,34.12 1 0
github.com/bubaew95/yandex-go-learn/internal/analyzers/noosexit/noosexit.go:37.3,37.43 1 0
github.com/bubaew95/yandex-go-learn/internal/analyzers/noosexit/noosexit.go:37.43,39.11 2 0
github.com/bubaew95/yandex-go-learn/internal/analyzers/noosexit/noosexit.go:39.11,41.5 1 0
github.com/bubaew95/yandex-go-learn/internal/analyzers/noosexit/noosexit.go:43.4,44.37 2 0
github.com/bubaew95/yandex-go-learn/internal/analyzers/noosexit/noosexit.go:44.37,46.5 1 0
github.com/bubaew95/yandex-go-learn/internal/analyzers/noosexit/noosexit.go:48.4,49.33 2 0
github.com/bubaew95/yandex-go-learn/internal/analyzers/noosexit/noosexit.go:49.33,51.5 1 0
github.com/bubaew95/yandex-go-learn/internal/analyzers/noosexit/noosexit.go:53.4,54.15 2 0
github.com/bubaew95/yandex-go-learn/internal/analyzers/noosexit/noosexit.go:58.2,58.17 1 0
github.com/bubaew95/yandex-go-learn/internal/proto/shortener.pb.go:31.34,36.2 4 0
github.com/bubaew95/yandex-go-learn/internal/proto/shortener.pb.go:38.42,40.2 1 0
github.com/bubaew95/yandex-go-learn/internal/proto/shortener.pb.go:42.40,42.41 0 0
github.com/bubaew95/yandex-go-learn/internal/proto/shortener.pb.go:44.62,46.14 2 0
github.com/bubaew95/yandex-go-learn/internal/proto/shortener.pb.go:46.14,48.34 2 0
github.com/bubaew95/yandex-go-learn/internal/proto/shortener.pb.go:48.34,50.4 1 0
github.com/bubaew95/yandex-go-learn/internal/proto/shortener.pb.go:51.3,51.12 1 0
github.com/bubaew95/yandex-go-learn/internal/proto/shortener.pb.go:53.2,53.24 1 0
github.com/bubaew95/yandex-go-learn/internal/proto/shortener.pb.go:57.53,59.2 1 0
github.com/bubaew95/yandex-go-learn/internal/proto/shortener.pb.go:61.50,62.14 1 0
github.com/bubaew95/yandex-go-learn/internal/proto/shortener.pb.go:62.14,64.3 1 0
github.com/bubaew95/yandex-go-learn/internal/proto/shortener.pb.go:65.2,65.11 1 0
github.com/bubaew95/yandex-go-learn/internal/proto/shortener.pb.go:75.35,80.2 4 0
github.com/bubaew95/yandex-go-learn/internal/proto/shortener.pb.go:82.43,84.2 1 0
github.com/bubaew95/yandex-go-learn/internal/proto/shortener.pb.go:86.41,86.42 0 0
github.com/bubaew95/yandex-go-learn/internal/proto/shortener.pb.go:88.63,90.14 2 0
github.com/bubaew95/yandex-go-learn/internal/proto/shortener.pb.go:90.14,92.34 2 0
github.com/bubaew95/yandex-go-learn/internal/proto/shortener.pb.go:92.34,94.4 1 0
github.com/bubaew95/yandex-go-learn/internal/proto/shortener.pb.go:95.3,95.12 1 0
github.com/bubaew95/yandex-go-learn/internal/proto/shortener.pb.go:97.2,97.24 1 0
github.com/bubaew95/yandex-go-learn/internal/proto/shortener.pb.go:101.54,103.2 1 0
github.com/bubaew95/yandex-go-learn/internal/proto/shortener.pb.go:105.48,106.14 1 0
github.com/bubaew95/yandex-go-learn/internal/proto/shortener.pb.go:106.14,108.3 1 0
github.com/bubaew95/yandex-go-learn/internal/proto/shortener.pb.go:109.2,109.11 1 0
github.com/bubaew95/yandex-go-learn/internal/proto/shortener.pb.go:119.33,124.2 4 0
github.com/bubaew95/yandex-go-learn/internal/proto/shortener.pb.go:126.41,128.2 1 0
github.com/bubaew95/yandex-go-learn/internal/proto/shortener.pb.go:130.39,130.40 0 0
github.com/bubaew95/yandex-go-learn/internal/proto/shortener.pb.go:132.61,134.14 2 0
github.com/bubaew95/yandex-go-learn/internal/proto/shortener.pb.go:134.14,136.34 2 0
github.com/bubaew95/yandex-go-learn/internal/proto/shortener.pb.go:136.34,138.4 1 0
github.com/bubaew95/yandex-go-learn/internal/proto/shortener.pb.go:139.3,139.12 1 0
github.com/bubaew95/yandex-go-learn/internal/proto/shortener.pb.go:141.2,141.24 1 0
github.com/bubaew95/yandex-go-learn/internal/proto/shortener.pb.go:145.52,147.2 1 0
github.com/bubaew95/yandex-go-learn/internal/proto/shortener.pb.go:149.45,150.14 1 0
github.com/bubaew95/yandex-go-learn/internal/proto/shortener.pb.go:150.14,152.3 1 0
github.com/bubaew95/yandex-go-learn/internal/proto/shortener.pb.go:153.2,153.11 1 0
github.com/bubaew95/yandex-go-learn/internal/proto/shortener.pb.go:163.34,168.2 4 0
github.com/bubaew95/yandex-go-learn/internal/proto/shortener.pb.go:170.42,172.2 1 0
github.com/bubaew95/yandex-go-learn/internal/proto/shortener.pb.go:174.40,174.41 0 0
github.com/bubaew95/yandex-go-learn/internal/proto/shortener.pb.go:176.62,178.14 2 0
github.com/bubaew95/yandex-go-learn/internal/proto/shortener.pb.go:178.14,180.34 2 0
github.com/bubaew95/yandex-go-learn/internal/proto/shortener.pb.go:180.34,182.4 1 0
github.com/bubaew95/yandex-go-learn/internal/proto/shortener.pb.go:183.3,183.12 1 0
github.com/bubaew95/yandex-go-learn/internal/proto/shortener.pb.go:185.2,185.24 1 0
github.com/bubaew95/yandex-go-learn/internal/proto/shortener.pb.go:189.53,191.2 1 0
github.com/bubaew95/yandex-go-learn/internal/proto/shortener.pb.go:193.48,194.14 1 0
github.com/bubaew95/yandex-go-learn/internal/proto/shortener.pb.go:194.14,196.3 1 0
github.com/bubaew95/yandex-go-learn/internal/proto/shortener.pb.go:197.2,197.11 1 0
github.com/bubaew95/yandex-go-learn/internal/proto/shortener.pb.go:208.37,213.2 4 0
github.com/bubaew95/yandex-go-learn/internal/proto/shortener.pb.go:215.45,217.2 1 0
github.com/bubaew95/yandex-go-learn/internal/proto/shortener.pb.go:219.43,219.44 0 0
github.com/bubaew95/yandex-go-learn/internal/proto/shortener.pb.go:221.65,223.14 2 0
github.com/bubaew95/yandex-go-learn/internal/proto/shortener.pb.go:223.14,225.34 2 0
github.com/bubaew95/yandex-go-learn/internal/proto/shortener.pb.go:225.34,227.4 1 0
github.com/bubaew95/yandex-go-learn/internal/proto/shortener.pb.go:228.3,228.12 1 0
github.com/bubaew95/yandex-go-learn/internal/proto/shortener.pb.go:230.2,230.24 1 0
github.com/bubaew95/yandex-go-learn/internal/proto/shortener.pb.go:234.56,236.2 1 0
github.com/bubaew95/yandex-go-learn/internal/proto/shortener.pb.go:238.55,239.14 1 0
github.com/bubaew95/yandex-go-learn/internal/proto/shortener.pb.go:239.14,241.3 1 0
github.com/bubaew95/yandex-go-learn/internal/proto/shortener.pb.go:242.2,242.11 1 0
github.com/bubaew95/yandex-go-learn/internal/proto/shortener.pb.go:245.53,246.14 1 0
github.com/bubaew95/yandex-go-learn/internal/proto/shortener.pb.go:246.14,248.3 1 0
github.com/bubaew95/yandex-go-learn/internal/proto/shortener.pb.go:249.2,249.11 1 0
github.com/bubaew95/yandex-go-learn/internal/proto/shortener.pb.go:260.38,265.2 4 0
github.com/bubaew95/yandex-go-learn/internal/proto/shortener.pb.go:267.46,269.2 1 0
github.com/bubaew95/yandex-go-learn/internal/proto/shortener.pb.go:271.44,271.45 0 0
github.com/bubaew95/yandex-go-learn/internal/proto/shortener.pb.go:273.66,275.14 2 0
github.com/bubaew95/yandex-go-learn/internal/proto/shortener.pb.go:275.14,277.34 2 0
github.com/bubaew95/yandex-go-learn/internal/proto/shortener.pb.go:277.34,279.4 1 0
github.com/bubaew95/yandex-go-learn/internal/proto/shortener.pb.go:280.3,280.12 1 0
github.com/bubaew95/yandex-go-learn/internal/proto/shortener.pb.go:282.2,282.24 1 0
github.com/bubaew95/yandex-go-learn/internal/proto/shortener.pb.go:286.57,288.2 1 0
github.com/bubaew95/yandex-go-learn/internal/proto/shortener.pb.go:290.56,291.14 1 0
github.com/bubaew95/yandex-go-learn/internal/proto/shortener.pb.go:291.14,293.3 1 0
github.com/bubaew95/yandex-go-learn/internal/proto/shortener.pb.go:294.2,294.11 1 0
github.com/bubaew95/yandex-go-learn/internal/proto/shortener.pb.go:297.51,298.14 1 0
github.com/bubaew95/yandex-go-learn/internal/proto/shortener.pb.go:298.14,300.3 1 0
github.com/bubaew95/yandex-go-learn/internal/proto/shortener.pb.go:301.2,301.11 1 0
github.com/bubaew95/yandex-go-learn/internal/proto/shortener.pb.go:311.32,316.2 4 0
github.com/bubaew95/yandex-go-learn/internal/proto/shortener.pb.go:318.40,320.2 1 0
github.com/bubaew95/yandex-go-learn/internal/proto/shortener.pb.go:322.38,322.39 0 0
github.com/bubaew95/yandex-go-learn/internal/proto/shortener.pb.go:324.60,326.14 2 0
github.com/bubaew95/yandex-go-learn/internal/proto/shortener.pb.go:326.14,328.34 2 0
github.com/bubaew95/yandex-go-learn/internal/proto/shortener.pb.go:328.34,330.4 1 0
github.com/bubaew95/yandex-go-learn/internal/proto/shortener.pb.go:331.3,331.12 1 0
github.com/bubaew95/yandex-go-learn/internal/proto/shortener.pb.go:333.2,333.24 1 0
github.com/bubaew95/yandex-go-learn/internal/proto/shortener.pb.go:337.51,339.2 1 0
github.com/bubaew95/yandex-go-learn/internal/proto/shortener.pb.go:341.55,342.14 1 0
github.com/bubaew95/yandex-go-learn/internal/proto/shortener.pb.go:342.14,344.3 1 0
github.com/bubaew95/yandex-go-learn/internal/proto/shortener.pb.go:345.2,345.12 1 0
github.com/bubaew95/yandex-go-learn/internal/proto/shortener.pb.go:355.33,360.2 4 0
github.com/bubaew95/yandex-go-learn/internal/proto/shortener.pb.go:362.41,364.2 1 0
github.com/bubaew95/yandex-go-learn/internal/proto/shortener.pb.go:366.39,366.40 0 0
github.com/bubaew95/yandex-go-learn/internal/proto/shortener.pb.go:368.61,370.14 2 0
github.com/bubaew95/yandex-go-learn/internal/proto/shortener.pb.go:370.14,372.34 2 0
github.com/bubaew95/yandex-go-learn/internal/proto/shortener.pb.go:372.34,374.4 1 0
github.com/bubaew95/yandex-go-learn/internal/proto/shortener.pb.go:375.3,375.12 1 0
github.com/bubaew95/yandex-go-learn/internal/proto/shortener.pb.go:377.2,377.24 1 0
github.com/bubaew95/yandex-go-learn/internal/proto/shortener.pb.go:381.52,383.2 1 0
github.com/bubaew95/yandex-go-learn/internal/proto/shortener.pb.go:385.57,386.14 1 0
github.com/bubaew95/yandex-go-learn/internal/proto/shortener.pb.go:386.14,388.3 1 0
github.com/bubaew95/yandex-go-learn/internal/proto/shortener.pb.go:389.2,389.12 1 0
github.com/bubaew95/yandex-go-learn/internal/proto/shortener.pb.go:398.38,403.2 4 0
github.com/bubaew95/yandex-go-learn/internal/proto/shortener.pb.go:405.46,407.2 1 0
github.com/bubaew95/yandex-go-learn/internal/proto/shortener.pb.go:409.44,409.45 0 0
github.com/bubaew95/yandex-go-learn/internal/proto/shortener.pb.go:411.66,413.14 2 0
github.com/bubaew95/yandex-go-learn/internal/proto/shortener.pb.go:413.14,415.34 2 0
github.com/bubaew95/yandex-go-learn/internal/proto/shortener.pb.go:415.34,417.4 1 0
github.com/bubaew95/yandex-go-learn/internal/proto/shortener.pb.go:418.3,418.12 1 0
github.com/bubaew95/yandex-go-learn/internal/proto/shortener.pb.go:420.2,420.24 1 0
github.com/bubaew95/yandex-go-learn/internal/proto/shortener.pb.go:424.57,426.2 1 0
github.com/bubaew95/yandex-go-learn/internal/proto/shortener.pb.go:436.27,441.2 4 0
github.com/bubaew95/yandex-go-learn/internal/proto/shortener.pb.go:443.35,445.2 1 0
github.com/bubaew95/yandex-go-learn/internal/proto/shortener.pb.go:447.33,447.34 0 0
github.com/bubaew95/yandex-go-learn/internal/proto/shortener.pb.go:449.55,451.14 2 0
github.com/bubaew95/yandex-go-learn/internal/proto/shortener.pb.go:451.14,453.34 2 0
github.com/bubaew95/yandex-go-learn/internal/proto/shortener.pb.go:453.34,455.4 1 0
github.com/bubaew95/yandex-go-learn/internal/proto/shortener.pb.go:456.3,456.12 1 0
github.com/bubaew95/yandex-go-learn/internal/proto/shortener.pb.go:458.2,458.24 1 0
github.com/bubaew95/yandex-go-learn/internal/proto/shortener.pb.go:462.46,464.2 1 0
github.com/bubaew95/yandex-go-learn/internal/proto/shortener.pb.go:466.40,467.14 1 0
github.com/bubaew95/yandex-go-learn/internal/proto/shortener.pb.go:467.14,469.3 1 0
github.com/bubaew95/yandex-go-learn/internal/proto/shortener.pb.go:470.2,470.11 1 0
github.com/bubaew95/yandex-go-learn/internal/proto/shortener.pb.go:473.43,474.14 1 0
github.com/bubaew95/yandex-go-learn/internal/proto/shortener.pb.go:474.14,476.3 1 0
github.com/bubaew95/yandex-go-learn/internal/proto/shortener.pb.go:477.2,477.11 1 0
github.com/bubaew95/yandex-go-learn/internal/proto/shortener.pb.go:487.39,492.2 4 0
github.com/bubaew95/yandex-go-learn/internal/proto/shortener.pb.go:494.47,496.2 1 0
github.com/bubaew95/yandex-go-learn/internal/proto/shortener.pb.go:498.45,498.46 0 0
github.com/bubaew95/yandex-go-learn/internal/proto/shortener.pb.go:500.67,502.14 2 0
github.com/bubaew95/yandex-go-learn/internal/proto/shortener.pb.go:502.14,504.34 2 0
github.com/bubaew95/yandex-go-learn/internal/proto/shortener.pb.go:504.34,506.4 1 0
github.com/bubaew95/yandex-go-learn/internal/proto/shortener.pb.go:507.3,507.12 1 0
github.com/bubaew95/yandex-go-learn/internal/proto/shortener.pb.go:509.2,509.24 1 0
github.com/bubaew95/yandex-go-learn/internal/proto/shortener.pb.go:513.58,515.2 1 0
github.com/bubaew95/yandex-go-learn/internal/proto/shortener.pb.go:517.52,518.14 1 0
github.com/bubaew95/yandex-go-learn/internal/proto/shortener.pb.go:518.14,520.3 1 0
github.com/bubaew95/yandex-go-learn/internal/proto/shortener.pb.go:521.2,521.12 1 0
github.com/bubaew95/yandex-go-learn/internal/proto/shortener.pb.go:564.48,565.45 1 0
github.com/bubaew95/yandex-go-learn/internal/proto/shortener.pb.go:565.45,567.3 1 0
github.com/bubaew95/yandex-go-learn/internal/proto/shortener.pb.go:568.2,568.41 1 0
github.com/bubaew95/yandex-go-learn/internal/proto/shortener.pb.go:602.13,602.44 1 0
github.com/bubaew95/yandex-go-learn/internal/proto/shortener.pb.go:603.34,604.33 1 0
github.com/bubaew95/yandex-go-learn/internal/proto/shortener.pb.go:604.33,606.3 1 0
github.com/bubaew95/yandex-go-learn/internal/proto/shortener.pb.go:607.2,623.36 5 0
github.com/bubaew95/yandex-go-learn/internal/proto/shortener_grpc.pb.go:40.76,42.2 1 0
github.com/bubaew95/yandex-go-learn/internal/proto/shortener_grpc.pb.go:44.132,48.16 4 0
github.com/bubaew95/yandex-go-learn/internal/proto/shortener_grpc.pb.go:48.16,50.3 1 0
github.com/bubaew95/yandex-go-learn/internal/proto/shortener_grpc.pb.go:51.2,51.17 1 0
github.com/bubaew95/yandex-go-learn/internal/proto/shortener_grpc.pb.go:54.127,58.16 4 0
github.com/bubaew95/yandex-go-learn/internal/proto/shortener_grpc.pb.go:58.16,60.3 1 0
github.com/bubaew95/yandex-go-learn/internal/proto/shortener_grpc.pb.go:61.2,61.17 1 0
github.com/bubaew95/yandex-go-learn/internal/proto/shortener_grpc.pb.go:64.124,68.16 4 0
github.com/bubaew95/yandex-go-learn/internal/proto/shortener_grpc.pb.go:68.16,70.3 1 0
github.com/bubaew95/yandex-go-learn/internal/proto/shortener_grpc.pb.go:71.2,71.17 1 0
github.com/bubaew95/yandex-go-learn/internal/proto/shortener_grpc.pb.go:91.110,93.2 1 0
github.com/bubaew95/yandex-go-learn/internal/proto/shortener_grpc.pb.go:94.105,96.2 1 0
github.com/bubaew95/yandex-go-learn/internal/proto/shortener_grpc.pb.go:97.102,99.2 1 0
github.com/bubaew95/yandex-go-learn/internal/proto/shortener_grpc.pb.go:100.84,100.85 0 0
github.com/bubaew95/yandex-go-learn/internal/proto/shortener_grpc.pb.go:101.84,101.85 0 0
github.com/bubaew95/yandex-go-learn/internal/proto/shortener_grpc.pb.go:110.82,115.59 1 0
github.com/bubaew95/yandex-go-learn/internal/proto/shortener_grpc.pb.go:115.59,117.3 1 0
github.com/bubaew95/yandex-go-learn/internal/proto/shortener_grpc.pb.go:118.2,118.51 1 0
github.com/bubaew95/yandex-go-learn/internal/proto/shortener_grpc.pb.go:121.167,123.32 2 0
github.com/bubaew95/yandex-go-learn/internal/proto/shortener_grpc.pb.go:123.32,125.3 1 0
github.com/bubaew95/yandex-go-learn/internal/proto/shortener_grpc.pb.go:126.2,126.24 1 0
github.com/bubaew95/yandex-go-learn/internal/proto/shortener_grpc.pb.go:126.24,128.3 1 0
github.com/bubaew95/yandex-go-learn/internal/proto/shortener_grpc.pb.go:129.2,133.77 2 0
github.com/bubaew95/yandex-go-learn/internal/proto/shortener_grpc.pb.go:133.77,135.3 1 0
github.com/bubaew95/yandex-go-learn/internal/proto/shortener_grpc.pb.go:136.2,136.44 1 0
github.com/bubaew95/yandex-go-learn/internal/proto/shortener_grpc.pb.go:139.164,141.32 2 0
github.com/bubaew95/yandex-go-learn/internal/proto/shortener_grpc.pb.go:141.32,143.3 1 0
github.com/bubaew95/yandex-go-learn/internal/proto/shortener_grpc.pb.go:144.2,144.24 1 0
github.com/bubaew95/yandex-go-learn/internal/proto/shortener_grpc.pb.go:144.24,146.3 1 0
github.com/bubaew95/yandex-go-learn/internal/proto/shortener_grpc.pb.go:147.2,151.77 2 0
github.com/bubaew95/yandex-go-learn/internal/proto/shortener_grpc.pb.go:151.77,153.3 1 0
github.com/bubaew95/yandex-go-learn/internal/proto/shortener_grpc.pb.go:154.2,154.44 1 0
github.com/bubaew95/yandex-go-learn/internal/proto/shortener_grpc.pb.go:157.163,159.32 2 0
github.com/bubaew95/yandex-go-learn/internal/proto/shortener_grpc.pb.go:159.32,161.3 1 0
github.com/bubaew95/yandex-go-learn/internal/proto/shortener_grpc.pb.go:162.2,162.24 1 0
github.com/bubaew95/yandex-go-learn/internal/proto/shortener_grpc.pb.go:162.24,164.3 1 0
github.com/bubaew95/yandex-go-learn/internal/proto/shortener_grpc.pb.go:165.2,169.77 2 0
github.com/bubaew95/yandex-go-learn/internal/proto/shortener_grpc.pb.go:169.77,171.3 1 0
github.com/bubaew95/yandex-go-learn/internal/proto/shortener_grpc.pb.go:172.2,172.44 1 0
github.com/bubaew95/yandex-go-learn/pkg/helper/helper.go:18.83,19.27 1 0
github.com/bubaew95/yandex-go-learn/pkg/helper/helper.go:19.27,21.17 2 0
github.com/bubaew95/yandex-go-learn/pkg/helper/helper.go:21.17,23.4 1 0
github.com/bubaew95/yandex-go-learn/pkg/helper/helper.go:25.3,25.34 1 0
github.com/bubaew95/yandex-go-learn/pkg/helper/helper.go:28.2,29.16 2 0
github.com/bubaew95/yandex-go-learn/pkg/helper/helper.go:29.16,31.3 1 0
github.com/bubaew95/yandex-go-learn/pkg/helper/helper.go:33.2,35.23 2 0
github.com/bubaew95/yandex-go-learn/pkg/helper/helper.go:38.26,39.34 1 0
github.com/bubaew95/yandex-go-learn/pkg/helper/helper.go:39.34,41.3 1 0
