mode: set
github.com/bubaew95/yandex-go-learn/cmd/shortener/main.go:36.13,39.33 2 0
github.com/bubaew95/yandex-go-learn/cmd/shortener/main.go:39.33,41.3 1 0
github.com/bubaew95/yandex-go-learn/cmd/shortener/main.go:44.21,45.44 1 0
github.com/bubaew95/yandex-go-learn/cmd/shortener/main.go:45.44,47.3 1 0
github.com/bubaew95/yandex-go-learn/cmd/shortener/main.go:49.2,51.16 3 0
github.com/bubaew95/yandex-go-learn/cmd/shortener/main.go:51.16,53.3 1 0
github.com/bubaew95/yandex-go-learn/cmd/shortener/main.go:54.2,67.61 10 0
github.com/bubaew95/yandex-go-learn/cmd/shortener/main.go:67.61,69.3 1 0
github.com/bubaew95/yandex-go-learn/cmd/shortener/main.go:71.2,72.12 2 0
github.com/bubaew95/yandex-go-learn/cmd/shortener/main.go:75.77,76.27 1 0
github.com/bubaew95/yandex-go-learn/cmd/shortener/main.go:76.27,78.17 2 0
github.com/bubaew95/yandex-go-learn/cmd/shortener/main.go:78.17,80.4 1 0
github.com/bubaew95/yandex-go-learn/cmd/shortener/main.go:82.3,82.34 1 0
github.com/bubaew95/yandex-go-learn/cmd/shortener/main.go:85.2,86.16 2 0
github.com/bubaew95/yandex-go-learn/cmd/shortener/main.go:86.16,88.3 1 0
github.com/bubaew95/yandex-go-learn/cmd/shortener/main.go:90.2,92.23 2 0
github.com/bubaew95/yandex-go-learn/cmd/shortener/main.go:95.72,105.49 8 0
github.com/bubaew95/yandex-go-learn/cmd/shortener/main.go:105.49,108.3 2 0
github.com/bubaew95/yandex-go-learn/cmd/shortener/main.go:110.2,110.46 1 0
github.com/bubaew95/yandex-go-learn/cmd/shortener/main.go:110.46,113.3 2 0
github.com/bubaew95/yandex-go-learn/cmd/shortener/main.go:115.2,117.14 2 0
github.com/bubaew95/yandex-go-learn/cmd/shortener/main.go:120.26,121.34 1 0
github.com/bubaew95/yandex-go-learn/cmd/shortener/main.go:121.34,123.3 1 0
github.com/bubaew95/yandex-go-learn/internal/adapters/compress/gzip.go:18.63,23.2 1 0
github.com/bubaew95/yandex-go-learn/internal/adapters/compress/gzip.go:26.47,28.2 1 0
github.com/bubaew95/yandex-go-learn/internal/adapters/compress/gzip.go:31.55,33.2 1 0
github.com/bubaew95/yandex-go-learn/internal/adapters/compress/gzip.go:36.54,39.2 2 0
github.com/bubaew95/yandex-go-learn/internal/adapters/compress/gzip.go:42.40,44.2 1 0
github.com/bubaew95/yandex-go-learn/internal/adapters/compress/gzip.go:53.66,55.16 2 0
github.com/bubaew95/yandex-go-learn/internal/adapters/compress/gzip.go:55.16,57.3 1 0
github.com/bubaew95/yandex-go-learn/internal/adapters/compress/gzip.go:59.2,62.8 1 0
github.com/bubaew95/yandex-go-learn/internal/adapters/compress/gzip.go:66.59,68.2 1 0
github.com/bubaew95/yandex-go-learn/internal/adapters/compress/gzip.go:71.40,72.36 1 0
github.com/bubaew95/yandex-go-learn/internal/adapters/compress/gzip.go:72.36,74.3 1 0
github.com/bubaew95/yandex-go-learn/internal/adapters/compress/gzip.go:75.2,75.21 1 0
github.com/bubaew95/yandex-go-learn/cmd/staticlint/main.go:16.13,23.42 2 0
github.com/bubaew95/yandex-go-learn/cmd/staticlint/main.go:23.42,24.47 1 0
github.com/bubaew95/yandex-go-learn/cmd/staticlint/main.go:24.47,26.4 1 0
github.com/bubaew95/yandex-go-learn/cmd/staticlint/main.go:29.2,29.42 1 0
github.com/bubaew95/yandex-go-learn/cmd/staticlint/main.go:29.42,30.51 1 0
github.com/bubaew95/yandex-go-learn/cmd/staticlint/main.go:30.51,32.9 2 0
github.com/bubaew95/yandex-go-learn/cmd/staticlint/main.go:37.2,46.32 3 0
github.com/bubaew95/yandex-go-learn/config/config.go:26.26,34.71 6 0
github.com/bubaew95/yandex-go-learn/config/config.go:34.71,36.3 1 0
github.com/bubaew95/yandex-go-learn/config/config.go:38.2,38.59 1 0
github.com/bubaew95/yandex-go-learn/config/config.go:38.59,40.3 1 0
github.com/bubaew95/yandex-go-learn/config/config.go:42.2,42.20 1 0
github.com/bubaew95/yandex-go-learn/config/config.go:42.20,44.3 1 0
github.com/bubaew95/yandex-go-learn/config/config.go:46.2,46.70 1 0
github.com/bubaew95/yandex-go-learn/config/config.go:46.70,48.3 1 0
github.com/bubaew95/yandex-go-learn/config/config.go:50.2,50.71 1 0
github.com/bubaew95/yandex-go-learn/config/config.go:50.71,52.3 1 0
github.com/bubaew95/yandex-go-learn/config/config.go:54.2,59.3 1 0
github.com/bubaew95/yandex-go-learn/internal/adapters/logger/logger.go:12.25,18.16 4 0
github.com/bubaew95/yandex-go-learn/internal/adapters/logger/logger.go:18.16,20.3 1 0
github.com/bubaew95/yandex-go-learn/internal/adapters/logger/logger.go:22.2,23.12 2 0
github.com/bubaew95/yandex-go-learn/internal/adapters/repository/postgres/base.go:5.49,8.16 2 0
github.com/bubaew95/yandex-go-learn/internal/adapters/repository/postgres/base.go:8.16,10.3 1 0
github.com/bubaew95/yandex-go-learn/internal/adapters/repository/postgres/base.go:12.2,12.16 1 0
github.com/bubaew95/yandex-go-learn/internal/adapters/repository/postgres/shortener.go:32.78,34.16 2 0
github.com/bubaew95/yandex-go-learn/internal/adapters/repository/postgres/shortener.go:34.16,36.3 1 0
github.com/bubaew95/yandex-go-learn/internal/adapters/repository/postgres/shortener.go:38.2,40.16 2 0
github.com/bubaew95/yandex-go-learn/internal/adapters/repository/postgres/shortener.go:40.16,42.3 1 0
github.com/bubaew95/yandex-go-learn/internal/adapters/repository/postgres/shortener.go:44.2,46.8 1 0
github.com/bubaew95/yandex-go-learn/internal/adapters/repository/postgres/shortener.go:49.36,62.2 2 0
github.com/bubaew95/yandex-go-learn/internal/adapters/repository/postgres/shortener.go:65.44,67.2 1 0
github.com/bubaew95/yandex-go-learn/internal/adapters/repository/postgres/shortener.go:70.62,72.2 1 0
github.com/bubaew95/yandex-go-learn/internal/adapters/repository/postgres/shortener.go:76.87,84.16 4 0
github.com/bubaew95/yandex-go-learn/internal/adapters/repository/postgres/shortener.go:84.16,86.85 2 0
github.com/bubaew95/yandex-go-learn/internal/adapters/repository/postgres/shortener.go:86.85,88.4 1 0
github.com/bubaew95/yandex-go-learn/internal/adapters/repository/postgres/shortener.go:91.2,91.12 1 0
github.com/bubaew95/yandex-go-learn/internal/adapters/repository/postgres/shortener.go:96.89,105.16 4 0
github.com/bubaew95/yandex-go-learn/internal/adapters/repository/postgres/shortener.go:105.16,107.3 1 0
github.com/bubaew95/yandex-go-learn/internal/adapters/repository/postgres/shortener.go:109.2,109.15 1 0
github.com/bubaew95/yandex-go-learn/internal/adapters/repository/postgres/shortener.go:109.15,111.3 1 0
github.com/bubaew95/yandex-go-learn/internal/adapters/repository/postgres/shortener.go:113.2,113.17 1 0
github.com/bubaew95/yandex-go-learn/internal/adapters/repository/postgres/shortener.go:118.106,127.16 4 0
github.com/bubaew95/yandex-go-learn/internal/adapters/repository/postgres/shortener.go:127.16,129.3 1 0
github.com/bubaew95/yandex-go-learn/internal/adapters/repository/postgres/shortener.go:131.2,131.17 1 0
github.com/bubaew95/yandex-go-learn/internal/adapters/repository/postgres/shortener.go:135.102,137.16 2 0
github.com/bubaew95/yandex-go-learn/internal/adapters/repository/postgres/shortener.go:137.16,139.3 1 0
github.com/bubaew95/yandex-go-learn/internal/adapters/repository/postgres/shortener.go:140.2,145.16 4 0
github.com/bubaew95/yandex-go-learn/internal/adapters/repository/postgres/shortener.go:145.16,148.3 2 0
github.com/bubaew95/yandex-go-learn/internal/adapters/repository/postgres/shortener.go:149.2,151.25 2 0
github.com/bubaew95/yandex-go-learn/internal/adapters/repository/postgres/shortener.go:151.25,153.17 2 0
github.com/bubaew95/yandex-go-learn/internal/adapters/repository/postgres/shortener.go:153.17,155.4 1 0
github.com/bubaew95/yandex-go-learn/internal/adapters/repository/postgres/shortener.go:158.2,158.20 1 0
github.com/bubaew95/yandex-go-learn/internal/adapters/repository/postgres/shortener.go:162.109,164.16 2 0
github.com/bubaew95/yandex-go-learn/internal/adapters/repository/postgres/shortener.go:164.16,166.3 1 0
github.com/bubaew95/yandex-go-learn/internal/adapters/repository/postgres/shortener.go:167.2,170.18 3 0
github.com/bubaew95/yandex-go-learn/internal/adapters/repository/postgres/shortener.go:170.18,176.17 3 0
github.com/bubaew95/yandex-go-learn/internal/adapters/repository/postgres/shortener.go:176.17,178.4 1 0
github.com/bubaew95/yandex-go-learn/internal/adapters/repository/postgres/shortener.go:180.3,180.18 1 0
github.com/bubaew95/yandex-go-learn/internal/adapters/repository/postgres/shortener.go:183.2,183.34 1 0
github.com/bubaew95/yandex-go-learn/internal/adapters/repository/postgres/shortener.go:183.34,185.3 1 0
github.com/bubaew95/yandex-go-learn/internal/adapters/repository/postgres/shortener.go:187.2,187.19 1 0
github.com/bubaew95/yandex-go-learn/internal/adapters/repository/postgres/shortener.go:191.99,193.16 2 0
github.com/bubaew95/yandex-go-learn/internal/adapters/repository/postgres/shortener.go:193.16,195.3 1 0
github.com/bubaew95/yandex-go-learn/internal/adapters/repository/postgres/shortener.go:196.2,199.16 3 0
github.com/bubaew95/yandex-go-learn/internal/adapters/repository/postgres/shortener.go:199.16,201.3 1 0
github.com/bubaew95/yandex-go-learn/internal/adapters/repository/postgres/shortener.go:202.2,204.29 2 0
github.com/bubaew95/yandex-go-learn/internal/adapters/repository/postgres/shortener.go:204.29,207.17 3 0
github.com/bubaew95/yandex-go-learn/internal/adapters/repository/postgres/shortener.go:207.17,209.4 1 0
github.com/bubaew95/yandex-go-learn/internal/adapters/repository/postgres/shortener.go:212.2,212.20 1 0
github.com/bubaew95/yandex-go-learn/internal/adapters/storage/consumer.go:21.65,23.16 2 0
github.com/bubaew95/yandex-go-learn/internal/adapters/storage/consumer.go:23.16,25.3 1 0
github.com/bubaew95/yandex-go-learn/internal/adapters/storage/consumer.go:27.2,31.6 4 0
github.com/bubaew95/yandex-go-learn/internal/adapters/storage/consumer.go:31.6,33.17 2 0
github.com/bubaew95/yandex-go-learn/internal/adapters/storage/consumer.go:33.17,34.21 1 0
github.com/bubaew95/yandex-go-learn/internal/adapters/storage/consumer.go:34.21,35.10 1 0
github.com/bubaew95/yandex-go-learn/internal/adapters/storage/consumer.go:38.4,38.19 1 0
github.com/bubaew95/yandex-go-learn/internal/adapters/storage/consumer.go:41.3,43.17 3 0
github.com/bubaew95/yandex-go-learn/internal/adapters/storage/consumer.go:43.17,45.4 1 0
github.com/bubaew95/yandex-go-learn/internal/adapters/storage/consumer.go:47.3,47.35 1 0
github.com/bubaew95/yandex-go-learn/internal/adapters/storage/consumer.go:50.2,50.18 1 0
github.com/bubaew95/yandex-go-learn/internal/adapters/storage/producer.go:24.54,26.16 2 0
github.com/bubaew95/yandex-go-learn/internal/adapters/storage/producer.go:26.16,28.3 1 0
github.com/bubaew95/yandex-go-learn/internal/adapters/storage/producer.go:30.2,33.8 1 0
github.com/bubaew95/yandex-go-learn/internal/adapters/storage/producer.go:39.62,41.2 1 0
github.com/bubaew95/yandex-go-learn/internal/adapters/storage/producer.go:46.34,47.38 1 0
github.com/bubaew95/yandex-go-learn/internal/adapters/storage/producer.go:47.38,49.3 1 0
github.com/bubaew95/yandex-go-learn/internal/adapters/storage/producer.go:51.2,51.23 1 0
github.com/bubaew95/yandex-go-learn/internal/adapters/storage/storage.go:26.60,28.16 2 0
github.com/bubaew95/yandex-go-learn/internal/adapters/storage/storage.go:28.16,30.3 1 0
github.com/bubaew95/yandex-go-learn/internal/adapters/storage/storage.go:32.2,35.8 1 0
github.com/bubaew95/yandex-go-learn/internal/adapters/storage/storage.go:41.57,43.16 2 0
github.com/bubaew95/yandex-go-learn/internal/adapters/storage/storage.go:43.16,45.3 1 0
github.com/bubaew95/yandex-go-learn/internal/adapters/storage/storage.go:47.2,47.12 1 0
github.com/bubaew95/yandex-go-learn/internal/adapters/storage/storage.go:54.56,56.16 2 0
github.com/bubaew95/yandex-go-learn/internal/adapters/storage/storage.go:56.16,58.3 1 0
github.com/bubaew95/yandex-go-learn/internal/adapters/storage/storage.go:60.2,64.6 4 0
github.com/bubaew95/yandex-go-learn/internal/adapters/storage/storage.go:64.6,66.17 2 0
github.com/bubaew95/yandex-go-learn/internal/adapters/storage/storage.go:66.17,67.21 1 0
github.com/bubaew95/yandex-go-learn/internal/adapters/storage/storage.go:67.21,68.10 1 0
github.com/bubaew95/yandex-go-learn/internal/adapters/storage/storage.go:71.4,71.19 1 0
github.com/bubaew95/yandex-go-learn/internal/adapters/storage/storage.go:74.3,76.17 3 0
github.com/bubaew95/yandex-go-learn/internal/adapters/storage/storage.go:76.17,78.4 1 0
github.com/bubaew95/yandex-go-learn/internal/adapters/storage/storage.go:80.3,80.35 1 0
github.com/bubaew95/yandex-go-learn/internal/adapters/storage/storage.go:83.2,83.18 1 0
github.com/bubaew95/yandex-go-learn/internal/adapters/storage/storage.go:89.36,91.2 1 0
github.com/bubaew95/yandex-go-learn/internal/adapters/handlers/middleware/cookie_middleware.go:14.52,15.71 1 0
github.com/bubaew95/yandex-go-learn/internal/adapters/handlers/middleware/cookie_middleware.go:15.71,22.86 3 0
github.com/bubaew95/yandex-go-learn/internal/adapters/handlers/middleware/cookie_middleware.go:22.86,25.18 3 0
github.com/bubaew95/yandex-go-learn/internal/adapters/handlers/middleware/cookie_middleware.go:25.18,27.5 1 0
github.com/bubaew95/yandex-go-learn/internal/adapters/handlers/middleware/cookie_middleware.go:28.9,30.4 1 0
github.com/bubaew95/yandex-go-learn/internal/adapters/handlers/middleware/cookie_middleware.go:32.3,43.27 5 0
github.com/bubaew95/yandex-go-learn/internal/adapters/handlers/middleware/gzip_middleware.go:11.50,12.71 1 0
github.com/bubaew95/yandex-go-learn/internal/adapters/handlers/middleware/gzip_middleware.go:12.71,15.27 2 0
github.com/bubaew95/yandex-go-learn/internal/adapters/handlers/middleware/gzip_middleware.go:15.27,17.18 2 0
github.com/bubaew95/yandex-go-learn/internal/adapters/handlers/middleware/gzip_middleware.go:17.18,20.5 2 0
github.com/bubaew95/yandex-go-learn/internal/adapters/handlers/middleware/gzip_middleware.go:22.4,23.20 2 0
github.com/bubaew95/yandex-go-learn/internal/adapters/handlers/middleware/gzip_middleware.go:26.3,26.52 1 0
github.com/bubaew95/yandex-go-learn/internal/adapters/handlers/middleware/gzip_middleware.go:26.52,30.4 3 0
github.com/bubaew95/yandex-go-learn/internal/adapters/handlers/middleware/gzip_middleware.go:32.3,32.21 1 0
github.com/bubaew95/yandex-go-learn/internal/adapters/handlers/middleware/gzip_middleware.go:36.45,39.2 2 0
github.com/bubaew95/yandex-go-learn/internal/adapters/handlers/middleware/gzip_middleware.go:41.46,44.2 2 0
github.com/bubaew95/yandex-go-learn/internal/adapters/handlers/middleware/gzip_middleware.go:46.48,49.2 2 0
github.com/bubaew95/yandex-go-learn/internal/adapters/handlers/middleware/logger_middleware.go:25.62,29.2 3 0
github.com/bubaew95/yandex-go-learn/internal/adapters/handlers/middleware/logger_middleware.go:32.61,35.2 2 0
github.com/bubaew95/yandex-go-learn/internal/adapters/handlers/middleware/logger_middleware.go:38.52,39.71 1 0
github.com/bubaew95/yandex-go-learn/internal/adapters/handlers/middleware/logger_middleware.go:39.71,64.3 6 0
github.com/bubaew95/yandex-go-learn/internal/analyzers/noosexit/noosexit.go:12.39,18.2 1 0
github.com/bubaew95/yandex-go-learn/internal/analyzers/noosexit/noosexit.go:20.52,21.34 1 0
github.com/bubaew95/yandex-go-learn/internal/analyzers/noosexit/noosexit.go:21.34,22.32 1 0
github.com/bubaew95/yandex-go-learn/internal/analyzers/noosexit/noosexit.go:22.32,23.12 1 0
github.com/bubaew95/yandex-go-learn/internal/analyzers/noosexit/noosexit.go:25.3,25.43 1 0
github.com/bubaew95/yandex-go-learn/internal/analyzers/noosexit/noosexit.go:25.43,27.41 1 0
github.com/bubaew95/yandex-go-learn/internal/analyzers/noosexit/noosexit.go:27.41,28.52 1 0
github.com/bubaew95/yandex-go-learn/internal/analyzers/noosexit/noosexit.go:28.52,29.32 1 0
github.com/bubaew95/yandex-go-learn/internal/analyzers/noosexit/noosexit.go:29.32,30.68 1 0
github.com/bubaew95/yandex-go-learn/internal/analyzers/noosexit/noosexit.go:30.68,32.8 1 0
github.com/bubaew95/yandex-go-learn/internal/analyzers/noosexit/noosexit.go:36.4,36.15 1 0
github.com/bubaew95/yandex-go-learn/internal/analyzers/noosexit/noosexit.go:39.2,39.17 1 0
github.com/bubaew95/yandex-go-learn/internal/core/service/shortener.go:59.86,66.2 1 1
github.com/bubaew95/yandex-go-learn/internal/core/service/shortener.go:70.112,75.6 4 0
github.com/bubaew95/yandex-go-learn/internal/core/service/shortener.go:75.6,79.17 3 0
github.com/bubaew95/yandex-go-learn/internal/core/service/shortener.go:79.17,81.18 2 0
github.com/bubaew95/yandex-go-learn/internal/core/service/shortener.go:81.18,83.5 1 0
github.com/bubaew95/yandex-go-learn/internal/core/service/shortener.go:85.4,85.9 1 0
github.com/bubaew95/yandex-go-learn/internal/core/service/shortener.go:89.2,89.42 1 0
github.com/bubaew95/yandex-go-learn/internal/core/service/shortener.go:93.57,98.19 3 0
github.com/bubaew95/yandex-go-learn/internal/core/service/shortener.go:98.19,100.3 1 0
github.com/bubaew95/yandex-go-learn/internal/core/service/shortener.go:102.2,102.18 1 0
github.com/bubaew95/yandex-go-learn/internal/core/service/shortener.go:106.86,108.2 1 1
github.com/bubaew95/yandex-go-learn/internal/core/service/shortener.go:111.103,114.8 2 0
github.com/bubaew95/yandex-go-learn/internal/core/service/shortener.go:114.8,116.3 1 0
github.com/bubaew95/yandex-go-learn/internal/core/service/shortener.go:118.2,118.15 1 0
github.com/bubaew95/yandex-go-learn/internal/core/service/shortener.go:122.59,124.2 1 0
github.com/bubaew95/yandex-go-learn/internal/core/service/shortener.go:126.65,128.2 1 1
github.com/bubaew95/yandex-go-learn/internal/core/service/shortener.go:131.131,133.25 2 1
github.com/bubaew95/yandex-go-learn/internal/core/service/shortener.go:133.25,134.57 1 1
github.com/bubaew95/yandex-go-learn/internal/core/service/shortener.go:134.57,135.12 1 0
github.com/bubaew95/yandex-go-learn/internal/core/service/shortener.go:138.3,138.27 1 1
github.com/bubaew95/yandex-go-learn/internal/core/service/shortener.go:141.2,142.16 2 1
github.com/bubaew95/yandex-go-learn/internal/core/service/shortener.go:142.16,144.3 1 1
github.com/bubaew95/yandex-go-learn/internal/core/service/shortener.go:146.2,147.26 2 1
github.com/bubaew95/yandex-go-learn/internal/core/service/shortener.go:147.26,152.3 1 1
github.com/bubaew95/yandex-go-learn/internal/core/service/shortener.go:154.2,154.26 1 1
github.com/bubaew95/yandex-go-learn/internal/core/service/shortener.go:157.29,159.2 1 1
github.com/bubaew95/yandex-go-learn/internal/core/service/shortener.go:162.125,164.16 2 0
github.com/bubaew95/yandex-go-learn/internal/core/service/shortener.go:164.16,166.3 1 0
github.com/bubaew95/yandex-go-learn/internal/core/service/shortener.go:168.2,169.26 2 0
github.com/bubaew95/yandex-go-learn/internal/core/service/shortener.go:169.26,174.3 1 0
github.com/bubaew95/yandex-go-learn/internal/core/service/shortener.go:175.2,176.26 2 0
github.com/bubaew95/yandex-go-learn/internal/core/service/shortener.go:180.96,181.21 1 0
github.com/bubaew95/yandex-go-learn/internal/core/service/shortener.go:181.21,183.3 1 0
github.com/bubaew95/yandex-go-learn/internal/core/service/shortener.go:185.2,185.48 1 0
github.com/bubaew95/yandex-go-learn/internal/core/service/shortener.go:189.95,190.12 1 0
github.com/bubaew95/yandex-go-learn/internal/core/service/shortener.go:190.12,191.30 1 0
github.com/bubaew95/yandex-go-learn/internal/core/service/shortener.go:191.30,193.4 1 0
github.com/bubaew95/yandex-go-learn/internal/core/service/shortener.go:198.72,204.12 5 0
github.com/bubaew95/yandex-go-learn/internal/core/service/shortener.go:204.12,207.7 2 0
github.com/bubaew95/yandex-go-learn/internal/core/service/shortener.go:207.7,208.11 1 0
github.com/bubaew95/yandex-go-learn/internal/core/service/shortener.go:209.36,210.12 1 0
github.com/bubaew95/yandex-go-learn/internal/core/service/shortener.go:210.12,211.24 1 0
github.com/bubaew95/yandex-go-learn/internal/core/service/shortener.go:211.24,213.7 1 0
github.com/bubaew95/yandex-go-learn/internal/core/service/shortener.go:214.6,214.12 1 0
github.com/bubaew95/yandex-go-learn/internal/core/service/shortener.go:217.5,217.28 1 0
github.com/bubaew95/yandex-go-learn/internal/core/service/shortener.go:217.28,220.6 2 0
github.com/bubaew95/yandex-go-learn/internal/core/service/shortener.go:222.5,222.32 1 0
github.com/bubaew95/yandex-go-learn/internal/core/service/shortener.go:223.20,225.22 2 0
github.com/bubaew95/yandex-go-learn/internal/core/service/shortener.go:226.22,227.11 1 0
github.com/bubaew95/yandex-go-learn/internal/adapters/repository/filestorage/shortener.go:27.82,29.16 2 0
github.com/bubaew95/yandex-go-learn/internal/adapters/repository/filestorage/shortener.go:29.16,31.3 1 0
github.com/bubaew95/yandex-go-learn/internal/adapters/repository/filestorage/shortener.go:33.2,37.8 1 0
github.com/bubaew95/yandex-go-learn/internal/adapters/repository/filestorage/shortener.go:41.44,43.2 1 0
github.com/bubaew95/yandex-go-learn/internal/adapters/repository/filestorage/shortener.go:47.87,60.2 5 0
github.com/bubaew95/yandex-go-learn/internal/adapters/repository/filestorage/shortener.go:64.89,69.9 4 0
github.com/bubaew95/yandex-go-learn/internal/adapters/repository/filestorage/shortener.go:69.9,71.3 1 0
github.com/bubaew95/yandex-go-learn/internal/adapters/repository/filestorage/shortener.go:73.2,73.17 1 0
github.com/bubaew95/yandex-go-learn/internal/adapters/repository/filestorage/shortener.go:78.106,82.29 3 0
github.com/bubaew95/yandex-go-learn/internal/adapters/repository/filestorage/shortener.go:82.29,83.39 1 0
github.com/bubaew95/yandex-go-learn/internal/adapters/repository/filestorage/shortener.go:83.39,85.4 1 0
github.com/bubaew95/yandex-go-learn/internal/adapters/repository/filestorage/shortener.go:88.2,88.18 1 0
github.com/bubaew95/yandex-go-learn/internal/adapters/repository/filestorage/shortener.go:93.62,95.2 1 0
github.com/bubaew95/yandex-go-learn/internal/adapters/repository/filestorage/shortener.go:99.102,100.25 1 0
github.com/bubaew95/yandex-go-learn/internal/adapters/repository/filestorage/shortener.go:100.25,102.17 2 0
github.com/bubaew95/yandex-go-learn/internal/adapters/repository/filestorage/shortener.go:102.17,103.12 1 0
github.com/bubaew95/yandex-go-learn/internal/adapters/repository/filestorage/shortener.go:106.3,107.17 2 0
github.com/bubaew95/yandex-go-learn/internal/adapters/repository/filestorage/shortener.go:107.17,109.4 1 0
github.com/bubaew95/yandex-go-learn/internal/adapters/repository/filestorage/shortener.go:112.2,112.12 1 0
github.com/bubaew95/yandex-go-learn/internal/adapters/repository/filestorage/shortener.go:117.104,118.25 1 0
github.com/bubaew95/yandex-go-learn/internal/adapters/repository/filestorage/shortener.go:118.25,120.10 2 0
github.com/bubaew95/yandex-go-learn/internal/adapters/repository/filestorage/shortener.go:120.10,121.12 1 0
github.com/bubaew95/yandex-go-learn/internal/adapters/repository/filestorage/shortener.go:124.3,125.17 2 0
github.com/bubaew95/yandex-go-learn/internal/adapters/repository/filestorage/shortener.go:125.17,127.4 1 0
github.com/bubaew95/yandex-go-learn/internal/adapters/repository/filestorage/shortener.go:130.2,130.12 1 0
github.com/bubaew95/yandex-go-learn/internal/adapters/repository/filestorage/shortener.go:135.109,137.2 1 0
github.com/bubaew95/yandex-go-learn/internal/adapters/repository/filestorage/shortener.go:141.99,143.2 1 0
github.com/bubaew95/yandex-go-learn/pkg/crypto/crypto.go:29.50,31.16 2 1
github.com/bubaew95/yandex-go-learn/pkg/crypto/crypto.go:31.16,33.3 1 0
github.com/bubaew95/yandex-go-learn/pkg/crypto/crypto.go:35.2,36.16 2 1
github.com/bubaew95/yandex-go-learn/pkg/crypto/crypto.go:36.16,38.3 1 0
github.com/bubaew95/yandex-go-learn/pkg/crypto/crypto.go:40.2,41.16 2 1
github.com/bubaew95/yandex-go-learn/pkg/crypto/crypto.go:41.16,43.3 1 0
github.com/bubaew95/yandex-go-learn/pkg/crypto/crypto.go:45.2,45.31 1 1
github.com/bubaew95/yandex-go-learn/pkg/crypto/crypto.go:49.50,51.16 2 1
github.com/bubaew95/yandex-go-learn/pkg/crypto/crypto.go:51.16,53.3 1 0
github.com/bubaew95/yandex-go-learn/pkg/crypto/crypto.go:55.2,56.36 2 1
github.com/bubaew95/yandex-go-learn/pkg/crypto/crypto.go:59.44,62.16 3 1
github.com/bubaew95/yandex-go-learn/pkg/crypto/crypto.go:62.16,64.3 1 0
github.com/bubaew95/yandex-go-learn/pkg/crypto/crypto.go:66.2,67.16 2 1
github.com/bubaew95/yandex-go-learn/pkg/crypto/crypto.go:67.16,69.3 1 0
github.com/bubaew95/yandex-go-learn/pkg/crypto/crypto.go:71.2,72.27 2 1
github.com/bubaew95/yandex-go-learn/pkg/crypto/crypto.go:82.53,87.16 4 1
github.com/bubaew95/yandex-go-learn/pkg/crypto/crypto.go:87.16,89.3 1 0
github.com/bubaew95/yandex-go-learn/pkg/crypto/crypto.go:91.2,91.59 1 1
github.com/bubaew95/yandex-go-learn/pkg/crypto/crypto.go:95.53,97.16 2 1
github.com/bubaew95/yandex-go-learn/pkg/crypto/crypto.go:97.16,99.3 1 0
github.com/bubaew95/yandex-go-learn/pkg/crypto/crypto.go:101.2,105.16 4 1
github.com/bubaew95/yandex-go-learn/pkg/crypto/crypto.go:105.16,107.3 1 0
github.com/bubaew95/yandex-go-learn/pkg/crypto/crypto.go:109.2,109.31 1 1
github.com/bubaew95/yandex-go-learn/pkg/crypto/crypto.go:114.48,119.2 3 0
github.com/bubaew95/yandex-go-learn/pkg/crypto/crypto.go:122.30,124.2 1 1
